#
# There is insufficient memory for the Java Runtime Environment to continue.
# Native memory allocation (malloc) failed to allocate 952656 bytes for Chunk::new
# Possible reasons:
#   The system is out of physical RAM or swap space
#   In 32 bit mode, the process size limit was hit
# Possible solutions:
#   Reduce memory load on the system
#   Increase physical memory or swap space
#   Check if swap backing store is full
#   Use 64 bit Java on a 64 bit OS
#   Decrease Java heap size (-Xmx/-Xms)
#   Decrease number of Java threads
#   Decrease Java thread stack sizes (-Xss)
#   Set larger code cache with -XX:ReservedCodeCacheSize=
# This output file may be truncated or incomplete.
#
#  Out of Memory Error (allocation.cpp:390), pid=8916, tid=8032
#
# JRE version: Java(TM) SE Runtime Environment (8.0_60-b27) (build 1.8.0_60-b27)
# Java VM: Java HotSpot(TM) 64-Bit Server VM (25.60-b23 mixed mode windows-amd64 compressed oops)
# Failed to write core dump. Minidumps are not enabled by default on client versions of Windows
#

---------------  T H R E A D  ---------------

Current thread (0x0000000014e4e800):  JavaThread "C2 CompilerThread1" daemon [_thread_in_native, id=8032, stack(0x0000000016540000,0x0000000016640000)]

Stack: [0x0000000016540000,0x0000000016640000]
[error occurred during error reporting (printing stack bounds), id 0xc0000005]

Native frames: (J=compiled Java code, j=interpreted, Vv=VM code, C=native code)


Current CompileTask:
C2:   3950 1392   !   4       com.android.dx.cf.code.BytecodeArray::parseInstruction (2764 bytes)


---------------  P R O C E S S  ---------------

Java Threads: ( => current thread )
  0x0000000016ad0000 JavaThread "pool-1-thread-4" [_thread_in_Java, id=7312, stack(0x0000000017940000,0x0000000017a40000)]
  0x0000000016ace800 JavaThread "pool-1-thread-3" [_thread_in_Java, id=2212, stack(0x0000000017840000,0x0000000017940000)]
  0x0000000016acd800 JavaThread "pool-1-thread-2" [_thread_in_Java, id=6220, stack(0x0000000017740000,0x0000000017840000)]
  0x0000000016acb000 JavaThread "pool-2-thread-1" [_thread_blocked, id=3124, stack(0x0000000017640000,0x0000000017740000)]
  0x000000001698f000 JavaThread "pool-1-thread-1" [_thread_in_Java, id=8324, stack(0x0000000017540000,0x0000000017640000)]
  0x0000000016776000 JavaThread "Service Thread" daemon [_thread_blocked, id=9024, stack(0x0000000016b40000,0x0000000016c40000)]
  0x0000000014e5c800 JavaThread "C1 CompilerThread2" daemon [_thread_blocked, id=4744, stack(0x0000000016640000,0x0000000016740000)]
=>0x0000000014e4e800 JavaThread "C2 CompilerThread1" daemon [_thread_in_native, id=8032, stack(0x0000000016540000,0x0000000016640000)]
  0x0000000014dfd000 JavaThread "C2 CompilerThread0" daemon [_thread_in_native, id=6628, stack(0x0000000016440000,0x0000000016540000)]
  0x0000000014dfb800 JavaThread "Attach Listener" daemon [_thread_blocked, id=4016, stack(0x0000000016340000,0x0000000016440000)]
  0x0000000014dfa000 JavaThread "Signal Dispatcher" daemon [_thread_blocked, id=6876, stack(0x0000000016240000,0x0000000016340000)]
  0x0000000002727000 JavaThread "Finalizer" daemon [_thread_blocked, id=4392, stack(0x0000000016060000,0x0000000016160000)]
  0x000000000271e000 JavaThread "Reference Handler" daemon [_thread_blocked, id=608, stack(0x0000000015f60000,0x0000000016060000)]
  0x000000000244d800 JavaThread "main" [_thread_in_Java, id=6656, stack(0x0000000002530000,0x0000000002630000)]

Other Threads:
  0x0000000014dc8000 VMThread [stack: 0x0000000015e60000,0x0000000015f60000] [id=7556]
  0x000000001677b000 WatcherThread [stack: 0x0000000016c40000,0x0000000016d40000] [id=8684]

VM state:not at safepoint (normal execution)

VM Mutex/Monitor currently owned by a thread: None

Heap:
 PSYoungGen      total 38400K, used 22553K [0x00000000eab00000, 0x00000000ef600000, 0x0000000100000000)
  eden space 33280K, 52% used [0x00000000eab00000,0x00000000ebc0c438,0x00000000ecb80000)
  from space 5120K, 99% used [0x00000000ecb80000,0x00000000ed079ff8,0x00000000ed080000)
  to   space 5120K, 0% used [0x00000000ef100000,0x00000000ef100000,0x00000000ef600000)
 ParOldGen       total 87552K, used 351K [0x00000000c0000000, 0x00000000c5580000, 0x00000000eab00000)
  object space 87552K, 0% used [0x00000000c0000000,0x00000000c0057d18,0x00000000c5580000)
 Metaspace       used 6119K, capacity 7024K, committed 7296K, reserved 1056768K
  class space    used 597K, capacity 616K, committed 640K, reserved 1048576K

Card table byte_map: [0x0000000011af0000,0x0000000011d00000] byte_map_base: 0x00000000114f0000

Marking Bits: (ParMarkBitMap*) 0x0000000053a1a5b0
 Begin Bits: [0x0000000012260000, 0x0000000013260000)
 End Bits:   [0x0000000013260000, 0x0000000014260000)

Polling page: 0x0000000002380000

CodeCache: size=245760Kb used=5618Kb max_used=5618Kb free=240142Kb
 bounds [0x0000000002730000, 0x0000000002cc0000, 0x0000000011730000]
 total_blobs=1677 nmethods=1408 adapters=182
 compilation: enabled

Compilation events (10 events):
Event: 3.931 Thread 0x0000000014e5c800 1412       3       com.android.dx.ssa.PhiInsn::predBlocksForReg (73 bytes)
Event: 3.933 Thread 0x0000000014e5c800 nmethod 1412 0x0000000002caf350 code [0x0000000002caf5c0, 0x0000000002cb0618]
Event: 3.940 Thread 0x0000000014e5c800 1413       3       com.android.dx.cf.code.Frame::mergeWith (80 bytes)
Event: 3.941 Thread 0x0000000014e5c800 nmethod 1413 0x0000000002cb11d0 code [0x0000000002cb1400, 0x0000000002cb23e8]
Event: 3.942 Thread 0x0000000014e5c800 1414       3       java.util.concurrent.locks.AbstractQueuedSynchronizer::setState (6 bytes)
Event: 3.943 Thread 0x0000000014e5c800 nmethod 1414 0x0000000002ca67d0 code [0x0000000002ca6920, 0x0000000002ca6a70]
Event: 3.943 Thread 0x0000000014e5c800 1415       3       java.util.concurrent.locks.AbstractQueuedSynchronizer::compareAndSetState (13 bytes)
Event: 3.943 Thread 0x0000000014e5c800 nmethod 1415 0x0000000002cb2890 code [0x0000000002cb29e0, 0x0000000002cb2b50]
Event: 3.943 Thread 0x0000000014e5c800 1416       3       java.util.concurrent.locks.AbstractQueuedSynchronizer::release (33 bytes)
Event: 3.944 Thread 0x0000000014e5c800 nmethod 1416 0x0000000002cb2bd0 code [0x0000000002cb2d40, 0x0000000002cb3058]

GC Heap History (2 events):
Event: 3.041 GC heap before
{Heap before GC invocations=1 (full 0):
 PSYoungGen      total 38400K, used 33280K [0x00000000eab00000, 0x00000000ed580000, 0x0000000100000000)
  eden space 33280K, 100% used [0x00000000eab00000,0x00000000ecb80000,0x00000000ecb80000)
  from space 5120K, 0% used [0x00000000ed080000,0x00000000ed080000,0x00000000ed580000)
  to   space 5120K, 0% used [0x00000000ecb80000,0x00000000ecb80000,0x00000000ed080000)
 ParOldGen       total 87552K, used 0K [0x00000000c0000000, 0x00000000c5580000, 0x00000000eab00000)
  object space 87552K, 0% used [0x00000000c0000000,0x00000000c0000000,0x00000000c5580000)
 Metaspace       used 5970K, capacity 6896K, committed 7040K, reserved 1056768K
  class space    used 594K, capacity 616K, committed 640K, reserved 1048576K
Event: 3.123 GC heap after
Heap after GC invocations=1 (full 0):
 PSYoungGen      total 38400K, used 5095K [0x00000000eab00000, 0x00000000ef600000, 0x0000000100000000)
  eden space 33280K, 0% used [0x00000000eab00000,0x00000000eab00000,0x00000000ecb80000)
  from space 5120K, 99% used [0x00000000ecb80000,0x00000000ed079ff8,0x00000000ed080000)
  to   space 5120K, 0% used [0x00000000ef100000,0x00000000ef100000,0x00000000ef600000)
 ParOldGen       total 87552K, used 351K [0x00000000c0000000, 0x00000000c5580000, 0x00000000eab00000)
  object space 87552K, 0% used [0x00000000c0000000,0x00000000c0057d18,0x00000000c5580000)
 Metaspace       used 5970K, capacity 6896K, committed 7040K, reserved 1056768K
  class space    used 594K, capacity 616K, committed 640K, reserved 1048576K
}

Deoptimization events (9 events):
Event: 1.309 Thread 0x000000000244d800 Uncommon trap: reason=unstable_if action=reinterpret pc=0x0000000002945da8 method=java.util.HashMap.getNode(ILjava/lang/Object;)Ljava/util/HashMap$Node; @ 129
Event: 1.311 Thread 0x000000000244d800 Uncommon trap: reason=unstable_if action=reinterpret pc=0x0000000002948ef0 method=java.util.BitSet.nextSetBit(I)I @ 87
Event: 1.433 Thread 0x0000000016ace800 Uncommon trap: reason=class_check action=maybe_recompile pc=0x00000000029b0bb0 method=com.android.dx.ssa.NormalSsaInsn.accept(Lcom/android/dx/ssa/SsaInsn$Visitor;)V @ 9
Event: 1.437 Thread 0x0000000016acd800 Uncommon trap: reason=class_check action=maybe_recompile pc=0x00000000029b0bb0 method=com.android.dx.ssa.NormalSsaInsn.accept(Lcom/android/dx/ssa/SsaInsn$Visitor;)V @ 9
Event: 2.715 Thread 0x0000000016acd800 Uncommon trap: reason=unstable_if action=reinterpret pc=0x0000000002ab1bb8 method=com.android.dx.rop.code.LocalItem.hashCode()I @ 25
Event: 2.715 Thread 0x0000000016acd800 Uncommon trap: reason=unstable_if action=reinterpret pc=0x0000000002a9fc2c method=com.android.dx.rop.code.LocalItem.hashCode()I @ 25
Event: 2.715 Thread 0x0000000016acd800 Uncommon trap: reason=unstable_if action=reinterpret pc=0x0000000002ab1558 method=com.android.dx.rop.code.LocalItem.hashCode()I @ 25
Event: 2.715 Thread 0x0000000016acd800 Uncommon trap: reason=unstable_if action=reinterpret pc=0x0000000002a69598 method=com.android.dx.rop.code.LocalItem.hashCode()I @ 25
Event: 3.321 Thread 0x0000000016ad0000 Uncommon trap: reason=unstable_if action=reinterpret pc=0x0000000002a6c11c method=com.android.dx.rop.cst.Constant.compareTo(Lcom/android/dx/rop/cst/Constant;)I @ 12

Internal exceptions (2 events):
Event: 0.076 Thread 0x000000000244d800 Exception <a 'java/lang/NoSuchMethodError': Method sun.misc.Unsafe.defineClass(Ljava/lang/String;[BII)Ljava/lang/Class; name or signature does not match> (0x00000000eab0db70) thrown at [C:\re\workspace\8-2-build-windows-amd64-cygwin\jdk8u60\4407\hotspot\srµê¨ùj³?
Event: 0.076 Thread 0x000000000244d800 Exception <a 'java/lang/NoSuchMethodError': Method sun.misc.Unsafe.prefetchRead(Ljava/lang/Object;J)V name or signature does not match> (0x00000000eab0de58) thrown at [C:\re\workspace\8-2-build-windows-amd64-cygwin\jdk8u60\4407\hotspot\src\share\vm\prims\j

Events (10 events):
Event: 3.327 loading class com/android/dx/cf/attrib/AttDeprecated
Event: 3.327 loading class com/android/dx/cf/attrib/AttDeprecated done
Event: 3.327 loading class com/android/dx/cf/direct/AnnotationParser
Event: 3.327 loading class com/android/dx/cf/direct/AnnotationParser done
Event: 3.329 loading class com/android/dx/cf/attrib/AttRuntimeVisibleAnnotations
Event: 3.329 loading class com/android/dx/cf/attrib/AttRuntimeVisibleAnnotations done
Event: 3.330 loading class com/android/dx/cf/attrib/BaseAnnotations
Event: 3.330 loading class com/android/dx/cf/attrib/BaseAnnotations done
Event: 3.333 loading class com/android/dx/dex/file/MethodAnnotationStruct
Event: 3.333 loading class com/android/dx/dex/file/MethodAnnotationStruct done


Dynamic libraries:
0x00007ff7b7ff0000 - 0x00007ff7b8027000 	C:\Program Files\Java\jdk1.8.0_60\bin\java.exe
0x00007ffacdee0000 - 0x00007fface08d000 	C:\Windows\SYSTEM32\ntdll.dll
0x00007ffacb970000 - 0x00007ffacbaae000 	C:\Windows\system32\KERNEL32.DLL
0x00007ffacb210000 - 0x00007ffacb325000 	C:\Windows\system32\KERNELBASE.dll
0x00007ffac9b60000 - 0x00007ffac9bee000 	C:\Windows\system32\apphelp.dll
0x00007ffab7580000 - 0x00007ffab75d3000 	C:\Windows\AppPatch\AppPatch64\AcGenral.DLL
0x00007ffacd3a0000 - 0x00007ffacd44a000 	C:\Windows\system32\msvcrt.dll
0x00007ffacae10000 - 0x00007ffacae3e000 	C:\Windows\SYSTEM32\SspiCli.dll
0x00007ffacde80000 - 0x00007ffacded4000 	C:\Windows\system32\SHLWAPI.dll
0x00007ffacd910000 - 0x00007ffacda87000 	C:\Windows\system32\USER32.dll
0x00007ffacdce0000 - 0x00007ffacde74000 	C:\Windows\system32\ole32.dll
0x00007ffacbd40000 - 0x00007ffacd26a000 	C:\Windows\system32\SHELL32.dll
0x00007ffaca740000 - 0x00007ffaca761000 	C:\Windows\SYSTEM32\USERENV.dll
0x00007ffacb560000 - 0x00007ffacb60a000 	C:\Windows\system32\ADVAPI32.dll
0x00007ffac5700000 - 0x00007ffac571e000 	C:\Windows\SYSTEM32\MPR.dll
0x00007ffacb670000 - 0x00007ffacb7b1000 	C:\Windows\system32\RPCRT4.dll
0x00007ffacd450000 - 0x00007ffacd4a9000 	C:\Windows\SYSTEM32\sechost.dll
0x00007ffacbaf0000 - 0x00007ffacbd01000 	C:\Windows\SYSTEM32\combase.dll
0x00007ffacd520000 - 0x00007ffacd670000 	C:\Windows\system32\GDI32.dll
0x00007ffacb030000 - 0x00007ffacb045000 	C:\Windows\SYSTEM32\profapi.dll
0x00007ffac9aa0000 - 0x00007ffac9b52000 	C:\Windows\SYSTEM32\SHCORE.dll
0x00007ffacbab0000 - 0x00007ffacbae6000 	C:\Windows\system32\IMM32.DLL
0x00007ffacdb80000 - 0x00007ffacdcd2000 	C:\Windows\system32\MSCTF.dll
0x00007ffacafe0000 - 0x00007ffacb011000 	C:\Windows\system32\nvinitx.dll
0x00007ffacafd0000 - 0x00007ffacafda000 	C:\Windows\SYSTEM32\VERSION.dll
0x00000000576d0000 - 0x00000000576d6000 	C:\Program Files\NVIDIA Corporation\CoProcManager\_etoured.dll
0x00007ffac81f0000 - 0x00007ffac8222000 	C:\Program Files\NVIDIA Corporation\CoProcManager\nvd3d9wrapx.dll
0x00007ffacd670000 - 0x00007ffacd84a000 	C:\Windows\system32\SETUPAPI.dll
0x00007ffacb510000 - 0x00007ffacb55f000 	C:\Windows\system32\CFGMGR32.dll
0x00007ffac8cb0000 - 0x00007ffac8cd2000 	C:\Program Files\NVIDIA Corporation\CoProcManager\nvdxgiwrapx.dll
0x00007ffac90b0000 - 0x00007ffac932b000 	C:\Windows\WinSxS\amd64_microsoft.windows.common-controls_6595b64144ccf1df_6.0.9600.18006_none_623f33d3ecbe86e8\COMCTL32.dll
0x0000000053aa0000 - 0x0000000053b72000 	C:\Program Files\Java\jdk1.8.0_60\jre\bin\msvcr100.dll
0x0000000053210000 - 0x0000000053a99000 	C:\Program Files\Java\jdk1.8.0_60\jre\bin\server\jvm.dll
0x00007ffac7be0000 - 0x00007ffac7be9000 	C:\Windows\SYSTEM32\WSOCK32.dll
0x00007ffac8c80000 - 0x00007ffac8ca2000 	C:\Windows\SYSTEM32\WINMM.dll
0x00007ffacda90000 - 0x00007ffacda97000 	C:\Windows\system32\PSAPI.DLL
0x00007ffacd270000 - 0x00007ffacd2ca000 	C:\Windows\system32\WS2_32.dll
0x00007ffac8b90000 - 0x00007ffac8bba000 	C:\Windows\SYSTEM32\WINMMBASE.dll
0x00007ffacdaa0000 - 0x00007ffacdaa9000 	C:\Windows\system32\NSI.dll
0x00007ffac9dd0000 - 0x00007ffac9df8000 	C:\Windows\SYSTEM32\DEVOBJ.dll
0x0000000053200000 - 0x000000005320f000 	C:\Program Files\Java\jdk1.8.0_60\jre\bin\verify.dll
0x00000000531d0000 - 0x00000000531f9000 	C:\Program Files\Java\jdk1.8.0_60\jre\bin\java.dll
0x00000000531b0000 - 0x00000000531c6000 	C:\Program Files\Java\jdk1.8.0_60\jre\bin\zip.dll

VM Arguments:
jvm_args: -Djava.awt.headless=true -Xmx1024M -Dfile.encoding=windows-1252 -Duser.country=US -Duser.language=en -Duser.variant 
java_command: com.android.dx.command.Main --dex --num-threads=4 --output C:\Users\Konrad\AndroidStudioProjects\SImpleUnitConverter2\app\build\intermediates\pre-dexed\debug\support-v4-19.1.0_e885665d014ebdd4222d5a0e6d123102afaf946c.jar C:\Users\Konrad\AppData\Local\Android\sdk\extras\android\m2repository\com\android\support\support-v4\19.1.0\support-v4-19.1.0.jar
java_class_path (initial): C:\Users\Konrad\AppData\Local\Android\sdk\build-tools\23.0.2\lib\dx.jar
Launcher Type: SUN_STANDARD

Environment Variables:
JAVA_HOME=C:\Program Files\Java\jdk1.8.0_74
PATH=C:\ProgramData\Oracle\Java\javapath;C:\Program Files (x86)\Intel\iCLS Client\;C:\Program Files\Intel\iCLS Client\;C:\Windows\system32;C:\Windows;C:\Windows\System32\Wbem;C:\Windows\System32\WindowsPowerShell\v1.0\;C:\Program Files\Intel\Intel(R) Management Engine Components\DAL;C:\Program Files\Intel\Intel(R) Management Engine Components\IPT;C:\Program Files (x86)\Intel\Intel(R) Management Engine Components\DAL;C:\Program Files (x86)\Intel\Intel(R) Management Engine Components\IPT;C:\Program Files (x86)\Intel\OpenCL SDK\2.0\bin\x86;C:\Program Files (x86)\Intel\OpenCL SDK\2.0\bin\x64;C:\Program Files\Microsoft SQL Server\110\Tools\Binn\;C:\Program Files (x86)\NVIDIA Corporation\PhysX\Common;%USERPROFILE%\.dnx\bin;C:\Program Files\Microsoft DNX\Dnvm\;C:\Program Files (x86)\Windows Kits\8.1\Windows Performance Toolkit\;C:\Program Files\Microsoft SQL Server\120\Tools\Binn\;c:\xampp\php\PEAR\symfony;c:\xampp\mysql\bin;c:\xampp\php;c:\xampp\php\PEAR;C:\ProgramData\ComposerSetup\bin;C:\Program Files\MATLAB\R2013a\runtime\win64;C:\Program Files\MATLAB\R2013a\bin;C:\wamp\bin\php\php5.5.12;C:\Program Files (x86)\Skype\Phone\
USERNAME=Konrad
OS=Windows_NT
PROCESSOR_IDENTIFIER=Intel64 Family 6 Model 58 Stepping 9, GenuineIntel



---------------  S Y S T E M  ---------------

OS: Windows 8.1 , 64 bit Build 9600 (6.3.9600.17415)

CPU:total 4 (2 cores per cpu, 2 threads per core) family 6 model 58 stepping 9, cmov, cx8, fxsr, mmx, sse, sse2, sse3, ssse3, sse4.1, sse4.2, popcnt, avx, clmul, erms, ht, tsc, tscinvbit, tscinv

Memory: 4k page, physical 8271536k(1841004k free), swap 8271536k(8136k free)

vm_info: Java HotSpot(TM) 64-Bit Server VM (25.60-b23) for windows-amd64 JRE (1.8.0_60-b27), built on Aug  4 2015 11:06:27 by "java_re" with MS VC++ 10.0 (VS2010)

time: Sun Mar 06 18:59:14 2016
elapsed time: 3 seconds (0d 0h 0m 3s)

